--progress is a global compose flag, better use `docker compose --progress xx build ...
 Image vertikal-app Building 
#1 [internal] load local bake definitions
#1 reading from stdin 668B done
#1 DONE 0.0s

#2 [internal] load build definition from Dockerfile
#2 transferring dockerfile: 1.51kB done
#2 DONE 0.0s

#3 [internal] load metadata for docker.io/library/node:20-alpine
#3 DONE 1.3s

#4 [internal] load .dockerignore
#4 transferring context: 93B done
#4 DONE 0.0s

#5 [deps 1/5] FROM docker.io/library/node:20-alpine@sha256:09e2b3d9726018aecf269bd35325f46bf75046a643a66d28360ec71132750ec8
#5 resolve docker.io/library/node:20-alpine@sha256:09e2b3d9726018aecf269bd35325f46bf75046a643a66d28360ec71132750ec8 0.0s done
#5 DONE 0.0s

#6 [deps 2/5] WORKDIR /app
#6 CACHED

#7 [internal] load build context
#7 transferring context: 6.81kB 0.0s done
#7 DONE 0.0s

#8 [deps 3/5] RUN apk add --no-cache python3 make g++ libc6-compat
#8 ...

#9 [runner  3/10] RUN addgroup -g 1001 -S nextjs && adduser -S nextjs -u 1001 -G nextjs
#9 DONE 0.6s

#8 [deps 3/5] RUN apk add --no-cache python3 make g++ libc6-compat
#8 1.156 ( 1/32) Installing libstdc++-dev (15.2.0-r2)
#8 1.357 ( 2/32) Installing jansson (2.14.1-r0)
#8 1.366 ( 3/32) Installing zstd-libs (1.5.7-r2)
#8 1.381 ( 4/32) Installing binutils (2.45.1-r0)
#8 1.459 ( 5/32) Installing libgomp (15.2.0-r2)
#8 1.471 ( 6/32) Installing libatomic (15.2.0-r2)
#8 1.481 ( 7/32) Installing gmp (6.3.0-r4)
#8 1.494 ( 8/32) Installing isl26 (0.26-r1)
#8 1.515 ( 9/32) Installing mpfr4 (4.2.2-r0)
#8 1.529 (10/32) Installing mpc1 (1.3.1-r1)
#8 1.538 (11/32) Installing gcc (15.2.0-r2)
#8 2.404 (12/32) Installing musl-dev (1.2.5-r21)
#8 2.471 (13/32) Installing g++ (15.2.0-r2)
#8 2.717 (14/32) Installing musl-obstack (1.2.3-r2)
#8 2.726 (15/32) Installing libucontext (1.3.3-r0)
#8 2.736 (16/32) Installing gcompat (1.1.0-r4)
#8 2.746 (17/32) Installing make (4.4.1-r3)
#8 2.756 (18/32) Installing libbz2 (1.0.8-r6)
#8 2.766 (19/32) Installing libexpat (2.7.4-r0)
#8 2.775 (20/32) Installing libffi (3.5.2-r0)
#8 2.785 (21/32) Installing gdbm (1.26-r0)
#8 2.795 (22/32) Installing xz-libs (5.8.2-r0)
#8 2.806 (23/32) Installing mpdecimal (4.0.1-r0)
#8 2.816 (24/32) Installing ncurses-terminfo-base (6.5_p20251123-r0)
#8 2.829 (25/32) Installing libncursesw (6.5_p20251123-r0)
#8 2.840 (26/32) Installing libpanelw (6.5_p20251123-r0)
#8 2.850 (27/32) Installing readline (8.3.1-r0)
#8 2.860 (28/32) Installing sqlite-libs (3.51.2-r0)
#8 2.880 (29/32) Installing python3 (3.12.12-r0)
#8 3.069 (30/32) Installing python3-pycache-pyc0 (3.12.12-r0)
#8 3.183 (31/32) Installing pyc (3.12.12-r0)
#8 3.183 (32/32) Installing python3-pyc (3.12.12-r0)
#8 3.183 Executing busybox-1.37.0-r30.trigger
#8 3.197 OK: 301.3 MiB in 50 packages
#8 DONE 3.4s

#10 [deps 4/5] COPY package.json package-lock.json* ./
#10 DONE 0.0s

#11 [deps 5/5] RUN npm ci
#11 1.278 npm warn ERESOLVE overriding peer dependency
#11 1.279 npm warn While resolving: @auth/core@0.41.0
#11 1.279 npm warn Found: nodemailer@7.0.11
#11 1.279 npm warn node_modules/nodemailer
#11 1.279 npm warn   nodemailer@"7.0.11" from mailparser@3.9.1
#11 1.279 npm warn   node_modules/mailparser
#11 1.279 npm warn     mailparser@"3.9.1" from resend@6.9.1
#11 1.279 npm warn     node_modules/resend
#11 1.279 npm warn   1 more (next-auth)
#11 1.279 npm warn
#11 1.279 npm warn Could not resolve dependency:
#11 1.279 npm warn peerOptional nodemailer@"^6.8.0" from @auth/core@0.41.0
#11 1.279 npm warn node_modules/@auth/core
#11 1.279 npm warn   @auth/core@"0.41.0" from next-auth@5.0.0-beta.30
#11 1.279 npm warn   node_modules/next-auth
#11 1.279 npm warn
#11 1.279 npm warn Conflicting peer dependency: nodemailer@6.10.1
#11 1.279 npm warn node_modules/nodemailer
#11 1.279 npm warn   peerOptional nodemailer@"^6.8.0" from @auth/core@0.41.0
#11 1.279 npm warn   node_modules/@auth/core
#11 1.279 npm warn     @auth/core@"0.41.0" from next-auth@5.0.0-beta.30
#11 1.279 npm warn     node_modules/next-auth
#11 5.122 npm warn deprecated node-domexception@1.0.0: Use your platform's native DOMException instead
#11 21.07 
#11 21.07 added 948 packages, and audited 949 packages in 21s
#11 21.07 
#11 21.07 287 packages are looking for funding
#11 21.07   run `npm fund` for details
#11 21.14 
#11 21.14 8 moderate severity vulnerabilities
#11 21.14 
#11 21.14 To address issues that do not require attention, run:
#11 21.14   npm audit fix
#11 21.14 
#11 21.14 To address all issues (including breaking changes), run:
#11 21.14   npm audit fix --force
#11 21.14 
#11 21.14 Run `npm audit` for details.
#11 21.14 npm notice
#11 21.14 npm notice New major version of npm available! 10.8.2 -> 11.9.0
#11 21.14 npm notice Changelog: https://github.com/npm/cli/releases/tag/v11.9.0
#11 21.14 npm notice To update run: npm install -g npm@11.9.0
#11 21.14 npm notice
#11 DONE 21.3s

#12 [builder 4/7] COPY --from=deps /app/node_modules ./node_modules
#12 DONE 14.9s

#13 [builder 5/7] COPY . .
#13 DONE 0.4s

#14 [builder 6/7] RUN npx prisma generate
#14 2.203 Loaded Prisma config from prisma.config.ts.
#14 2.203 
#14 2.277 Prisma schema loaded from prisma/schema.prisma.
#14 2.553 
#14 2.553 ✔ Generated Prisma Client (v7.3.0) to ./node_modules/@prisma/client in 142ms
#14 2.553 
#14 2.553 Start by importing your Prisma Client (See: https://pris.ly/d/importing-client)
#14 2.553 
#14 2.553 
#14 2.589 npm notice
#14 2.589 npm notice New major version of npm available! 10.8.2 -> 11.9.0
#14 2.589 npm notice Changelog: https://github.com/npm/cli/releases/tag/v11.9.0
#14 2.589 npm notice To update run: npm install -g npm@11.9.0
#14 2.589 npm notice
#14 DONE 2.6s

#15 [builder 7/7] RUN npm run build
#15 0.496 
#15 0.496 > vertikal-register-form@0.1.0 build
#15 0.496 > next build
#15 0.496 
#15 1.547 Attention: Next.js now collects completely anonymous telemetry regarding usage.
#15 1.548 This information is used to shape Next.js' roadmap and prioritize features.
#15 1.548 You can learn more, including how to opt-out if you'd not like to participate in this anonymous program, by visiting the following URL:
#15 1.548 https://nextjs.org/telemetry
#15 1.548 
#15 1.563 ▲ Next.js 16.1.6 (Turbopack)
#15 1.563 
#15 1.637 ⚠ The "middleware" file convention is deprecated. Please use "proxy" instead. Learn more: https://nextjs.org/docs/messages/middleware-to-proxy
#15 1.665   Creating an optimized production build ...
#15 10.96 ✓ Compiled successfully in 8.7s
#15 10.98   Running TypeScript ...
#15 17.39   Collecting page data using 3 workers ...
#15 18.04   Generating static pages using 3 workers (0/11) ...
#15 18.12   Generating static pages using 3 workers (2/11) 
#15 18.33   Generating static pages using 3 workers (5/11) 
#15 18.34   Generating static pages using 3 workers (8/11) 
#15 18.42 ✓ Generating static pages using 3 workers (11/11) in 385.9ms
#15 18.43   Finalizing page optimization ...
#15 18.76 
#15 18.76 Route (app)
#15 18.76 ┌ ○ /
#15 18.76 ├ ○ /_not-found
#15 18.76 ├ ƒ /admin
#15 18.76 ├ ○ /admin/login
#15 18.76 ├ ƒ /admin/registros/[id]
#15 18.76 ├ ƒ /api/auth/[...nextauth]
#15 18.76 ├ ƒ /api/checkout
#15 18.76 ├ ƒ /api/federation-types
#15 18.76 ├ ƒ /api/health
#15 18.76 ├ ƒ /registro
#15 18.76 ├ ○ /registro/cancelado
#15 18.76 └ ƒ /registro/exito
#15 18.76 
#15 18.76 
#15 18.76 ƒ Proxy (Middleware)
#15 18.76 
#15 18.76 ○  (Static)   prerendered as static content
#15 18.76 ƒ  (Dynamic)  server-rendered on demand
#15 18.76 
#15 DONE 18.9s

#16 [runner  4/10] COPY --from=builder /app/.next/standalone ./
#16 DONE 0.4s

#17 [runner  5/10] COPY --from=builder /app/.next/static ./.next/static
#17 DONE 0.0s

#18 [runner  6/10] COPY --from=builder /app/public ./public
#18 DONE 0.0s

#19 [runner  7/10] COPY --from=builder /app/prisma ./prisma
#19 DONE 0.0s

#20 [runner  8/10] COPY --from=builder /app/scripts ./scripts
#20 DONE 0.0s

#21 [runner  9/10] COPY --from=builder /app/package.json ./package.json
#21 DONE 0.0s

#22 [runner 10/10] RUN mkdir -p /app/data && chown -R nextjs:nextjs /app
#22 DONE 1.6s

#23 exporting to image
#23 exporting layers
#23 exporting layers 2.4s done
#23 exporting manifest sha256:788bc985ef3a3a06733d735f64ac8f48bdffcb0748372858368d5eae9d8646b8 done
#23 exporting config sha256:91eb67cd6bf95863cd047a4279daef0bae0aea6fe585bc280e42ccdeb604cc19 done
#23 exporting attestation manifest sha256:1822b7c0c73878cdf7d6ccb6f1881f8b0b2536f10e64dfe46ea375dbeea994f3 done
#23 exporting manifest list sha256:32edb32b35dd5bb399088310b49399d30190de07dd349e84312d5a9fcee249e3 done
#23 naming to docker.io/library/vertikal-app:latest done
#23 unpacking to docker.io/library/vertikal-app:latest
#23 unpacking to docker.io/library/vertikal-app:latest 1.2s done
#23 DONE 3.7s

#24 resolving provenance for metadata file
#24 DONE 0.0s
 Image vertikal-app Built 
